<?xml version="1.0" encoding="UTF-8"?>
<coverage generated="1189539371" phpunit="3.1.7">
  <project name="PHP IDS" timestamp="1189539371">
    <file name="/home/mario/workspace/php-ids.org/branches/0.4.0/lib/IDS/Report.php">
      <class name="IDS_Report">
        <metrics methods="11" coveredmethods="11" statements="70" coveredstatements="58" elements="81" coveredelements="69"/>
      </class>
      <line num="0" type="stmt" count="1"/>
      <line num="64" type="method" count="37"/>
      <line num="65" type="stmt" count="37"/>
      <line num="66" type="stmt" count="18"/>
      <line num="67" type="stmt" count="18"/>
      <line num="68" type="stmt" count="18"/>
      <line num="69" type="stmt" count="18"/>
      <line num="70" type="stmt" count="37"/>
      <line num="78" type="method" count="34"/>
      <line num="79" type="stmt" count="34"/>
      <line num="80" type="stmt" count="34"/>
      <line num="82" type="stmt" count="34"/>
      <line num="95" type="method" count="5"/>
      <line num="96" type="stmt" count="5"/>
      <line num="97" type="stmt" count="1"/>
      <line num="99" type="stmt" count="1"/>
      <line num="102" type="stmt" count="4"/>
      <line num="103" type="stmt" count="3"/>
      <line num="106" type="stmt" count="1"/>
      <line num="117" type="method" count="3"/>
      <line num="118" type="stmt" count="3"/>
      <line num="119" type="stmt" count="3"/>
      <line num="121" type="stmt" count="3"/>
      <line num="122" type="stmt" count="3"/>
      <line num="123" type="stmt" count="3"/>
      <line num="124" type="stmt" count="3"/>
      <line num="125" type="stmt" count="3"/>
      <line num="126" type="stmt" count="3"/>
      <line num="128" type="stmt" count="3"/>
      <line num="129" type="stmt" count="3"/>
      <line num="130" type="stmt" count="3"/>
      <line num="131" type="stmt" count="3"/>
      <line num="133" type="stmt" count="3"/>
      <line num="144" type="method" count="17"/>
      <line num="145" type="stmt" count="17"/>
      <line num="146" type="stmt" count="17"/>
      <line num="147" type="stmt" count="17"/>
      <line num="148" type="stmt" count="17"/>
      <line num="149" type="stmt" count="17"/>
      <line num="150" type="stmt" count="17"/>
      <line num="152" type="stmt" count="17"/>
      <line num="161" type="method" count="18"/>
      <line num="162" type="stmt" count="18"/>
      <line num="163" type="stmt" count="1"/>
      <line num="166" type="stmt" count="17"/>
      <line num="176" type="method" count="1"/>
      <line num="177" type="stmt" count="1"/>
      <line num="190" type="method" count="1"/>
      <line num="191" type="stmt" count="1"/>
      <line num="199" type="method" count="4"/>
      <line num="200" type="stmt" count="4"/>
      <line num="208" type="method" count="34"/>
      <line num="209" type="stmt" count="34"/>
      <line num="210" type="stmt" count="34"/>
      <line num="211" type="stmt" count="34"/>
      <line num="218" type="method" count="2"/>
      <line num="219" type="stmt" count="2"/>
      <line num="220" type="stmt" count="1"/>
      <line num="222" type="stmt" count="1"/>
      <line num="223" type="stmt" count="1"/>
      <line num="225" type="stmt" count="1"/>
      <line num="226" type="stmt" count="1"/>
      <line num="227" type="stmt" count="1"/>
      <line num="229" type="stmt" count="1"/>
      <line num="230" type="stmt" count="1"/>
      <line num="231" type="stmt" count="1"/>
      <line num="232" type="stmt" count="1"/>
      <line num="233" type="stmt" count="1"/>
      <line num="234" type="stmt" count="1"/>
      <line num="236" type="stmt" count="2"/>
      <metrics loc="245" ncloc="118" classes="1" methods="11" coveredmethods="11" statements="70" coveredstatements="58" elements="81" coveredelements="69"/>
    </file>
    <file name="/home/mario/workspace/php-ids.org/branches/0.4.0/lib/IDS/Filter/Filter.php">
      <class name="IDS_Filter">
        <metrics methods="6" coveredmethods="6" statements="20" coveredstatements="14" elements="26" coveredelements="20"/>
      </class>
      <line num="69" type="method" count="47"/>
      <line num="70" type="stmt" count="47"/>
      <line num="71" type="stmt" count="47"/>
      <line num="72" type="stmt" count="47"/>
      <line num="73" type="stmt" count="47"/>
      <line num="74" type="stmt" count="47"/>
      <line num="84" type="method" count="19"/>
      <line num="85" type="stmt" count="19"/>
      <line num="86" type="stmt" count="1"/>
      <line num="87" type="stmt" count="1"/>
      <line num="88" type="stmt" count="1"/>
      <line num="91" type="stmt" count="18"/>
      <line num="99" type="method" count="2"/>
      <line num="100" type="stmt" count="2"/>
      <line num="112" type="method" count="6"/>
      <line num="113" type="stmt" count="6"/>
      <line num="121" type="method" count="19"/>
      <line num="122" type="stmt" count="19"/>
      <line num="130" type="method" count="19"/>
      <line num="131" type="stmt" count="19"/>
      <metrics loc="140" ncloc="47" classes="1" methods="6" coveredmethods="6" statements="20" coveredstatements="14" elements="26" coveredelements="20"/>
    </file>
    <file name="/home/mario/workspace/php-ids.org/branches/0.4.0/lib/IDS/Event.php">
      <class name="IDS_Event">
        <metrics methods="8" coveredmethods="8" statements="50" coveredstatements="40" elements="58" coveredelements="48"/>
      </class>
      <line num="0" type="stmt" count="4"/>
      <line num="78" type="method" count="40"/>
      <line num="79" type="stmt" count="40"/>
      <line num="80" type="stmt" count="1"/>
      <line num="81" type="stmt" count="1"/>
      <line num="83" type="stmt" count="40"/>
      <line num="85" type="stmt" count="40"/>
      <line num="86" type="stmt" count="1"/>
      <line num="87" type="stmt" count="1"/>
      <line num="89" type="stmt" count="40"/>
      <line num="91" type="stmt" count="40"/>
      <line num="93" type="stmt" count="40"/>
      <line num="94" type="stmt" count="1"/>
      <line num="95" type="stmt" count="1"/>
      <line num="97" type="stmt" count="40"/>
      <line num="98" type="stmt" count="40"/>
      <line num="99" type="stmt" count="40"/>
      <line num="109" type="method" count="35"/>
      <line num="110" type="stmt" count="35"/>
      <line num="120" type="method" count="2"/>
      <line num="121" type="stmt" count="2"/>
      <line num="131" type="method" count="18"/>
      <line num="134" type="stmt" count="18"/>
      <line num="135" type="stmt" count="18"/>
      <line num="136" type="stmt" count="18"/>
      <line num="137" type="stmt" count="18"/>
      <line num="138" type="stmt" count="18"/>
      <line num="139" type="stmt" count="18"/>
      <line num="141" type="stmt" count="18"/>
      <line num="151" type="method" count="4"/>
      <line num="152" type="stmt" count="4"/>
      <line num="153" type="stmt" count="4"/>
      <line num="154" type="stmt" count="4"/>
      <line num="155" type="stmt" count="4"/>
      <line num="156" type="stmt" count="4"/>
      <line num="157" type="stmt" count="4"/>
      <line num="158" type="stmt" count="4"/>
      <line num="159" type="stmt" count="4"/>
      <line num="161" type="stmt" count="4"/>
      <line num="162" type="stmt" count="4"/>
      <line num="163" type="stmt" count="4"/>
      <line num="164" type="stmt" count="4"/>
      <line num="166" type="stmt" count="4"/>
      <line num="174" type="method" count="9"/>
      <line num="175" type="stmt" count="9"/>
      <line num="186" type="method" count="2"/>
      <line num="187" type="stmt" count="2"/>
      <line num="197" type="method" count="3"/>
      <line num="198" type="stmt" count="3"/>
      <metrics loc="207" ncloc="88" classes="1" methods="8" coveredmethods="8" statements="50" coveredstatements="40" elements="58" coveredelements="48"/>
    </file>
    <file name="/home/mario/workspace/php-ids.org/branches/0.4.0/lib/IDS/Init.php">
      <class name="IDS_Init">
        <metrics methods="3" coveredmethods="3" statements="13" coveredstatements="8" elements="16" coveredelements="11"/>
      </class>
      <line num="0" type="stmt" count="1"/>
      <line num="66" type="method" count="1"/>
      <line num="68" type="stmt" count="1"/>
      <line num="69" type="stmt" count="1"/>
      <line num="71" type="stmt" count="0"/>
      <line num="74" type="stmt" count="1"/>
      <line num="81" type="method" count="1"/>
      <line num="82" type="stmt" count="1"/>
      <line num="91" type="method" count="34"/>
      <line num="92" type="stmt" count="34"/>
      <line num="93" type="stmt" count="1"/>
      <line num="94" type="stmt" count="1"/>
      <line num="96" type="stmt" count="34"/>
      <metrics loc="105" ncloc="38" classes="1" methods="3" coveredmethods="3" statements="13" coveredstatements="8" elements="16" coveredelements="11"/>
    </file>
    <file name="/home/mario/workspace/php-ids.org/branches/0.4.0/lib/IDS/Filter/Storage/Abstract.php">
      <class name="IDS_Filter_Storage_Abstract">
        <metrics methods="4" coveredmethods="4" statements="25" coveredstatements="17" elements="29" coveredelements="21"/>
      </class>
      <line num="41" type="method" count="20"/>
      <line num="42" type="stmt" count="20"/>
      <line num="43" type="stmt" count="20"/>
      <line num="44" type="stmt" count="20"/>
      <line num="46" type="stmt" count="20"/>
      <line num="47" type="stmt" count="20"/>
      <line num="48" type="stmt" count="20"/>
      <line num="49" type="stmt" count="20"/>
      <line num="51" type="stmt" count="20"/>
      <line num="52" type="stmt" count="20"/>
      <line num="53" type="stmt" count="20"/>
      <line num="54" type="stmt" count="0"/>
      <line num="55" type="stmt" count="0"/>
      <line num="56" type="stmt" count="0"/>
      <line num="58" type="stmt" count="20"/>
      <line num="59" type="stmt" count="20"/>
      <line num="68" type="method" count="1"/>
      <line num="69" type="stmt" count="1"/>
      <line num="70" type="stmt" count="0"/>
      <line num="71" type="stmt" count="0"/>
      <line num="73" type="stmt" count="1"/>
      <line num="82" type="method" count="16"/>
      <line num="83" type="stmt" count="16"/>
      <line num="93" type="method" count="20"/>
      <line num="94" type="stmt" count="20"/>
      <line num="95" type="stmt" count="20"/>
      <metrics loc="104" ncloc="47" classes="1" methods="4" coveredmethods="4" statements="25" coveredstatements="17" elements="29" coveredelements="21"/>
    </file>
    <file name="/home/mario/workspace/php-ids.org/branches/0.4.0/lib/IDS/Filter/Storage.php">
      <class name="IDS_Filter_Storage">
        <metrics methods="2" coveredmethods="1" statements="108" coveredstatements="49" elements="110" coveredelements="50"/>
      </class>
      <line num="41" type="method" count="20"/>
      <line num="43" type="stmt" count="20"/>
      <line num="45" type="stmt" count="20"/>
      <line num="47" type="stmt" count="20"/>
      <line num="48" type="stmt" count="20"/>
      <line num="49" type="stmt" count="20"/>
      <line num="50" type="stmt" count="20"/>
      <line num="52" type="stmt" count="20"/>
      <line num="54" type="stmt" count="20"/>
      <line num="57" type="stmt" count="20"/>
      <line num="58" type="stmt" count="20"/>
      <line num="59" type="stmt" count="20"/>
      <line num="61" type="stmt" count="20"/>
      <line num="63" type="stmt" count="1"/>
      <line num="65" type="stmt" count="1"/>
      <line num="66" type="stmt" count="1"/>
      <line num="67" type="stmt" count="1"/>
      <line num="68" type="stmt" count="1"/>
      <line num="70" type="stmt" count="1"/>
      <line num="71" type="stmt" count="1"/>
      <line num="72" type="stmt" count="0"/>
      <line num="74" type="stmt" count="1"/>
      <line num="75" type="stmt" count="1"/>
      <line num="77" type="stmt" count="20"/>
      <line num="78" type="stmt" count="0"/>
      <line num="81" type="stmt" count="0"/>
      <line num="84" type="stmt" count="20"/>
      <line num="85" type="stmt" count="20"/>
      <line num="86" type="stmt" count="20"/>
      <line num="88" type="stmt" count="20"/>
      <line num="90" type="stmt" count="20"/>
      <line num="92" type="stmt" count="20"/>
      <line num="93" type="stmt" count="20"/>
      <line num="94" type="stmt" count="20"/>
      <line num="95" type="stmt" count="20"/>
      <line num="97" type="stmt" count="20"/>
      <line num="98" type="stmt" count="20"/>
      <line num="99" type="stmt" count="20"/>
      <line num="100" type="stmt" count="20"/>
      <line num="102" type="stmt" count="20"/>
      <line num="104" type="stmt" count="20"/>
      <line num="105" type="stmt" count="20"/>
      <line num="106" type="stmt" count="20"/>
      <line num="107" type="stmt" count="20"/>
      <line num="108" type="stmt" count="20"/>
      <line num="110" type="stmt" count="20"/>
      <line num="111" type="stmt" count="20"/>
      <line num="112" type="stmt" count="20"/>
      <line num="115" type="stmt" count="20"/>
      <line num="116" type="stmt" count="20"/>
      <line num="117" type="stmt" count="20"/>
      <line num="119" type="stmt" count="20"/>
      <line num="120" type="stmt" count="0"/>
      <line num="122" type="stmt" count="0"/>
      <line num="125" type="stmt" count="20"/>
      <line num="137" type="method" count="0"/>
      <line num="139" type="stmt" count="0"/>
      <line num="141" type="stmt" count="0"/>
      <line num="143" type="stmt" count="0"/>
      <line num="144" type="stmt" count="0"/>
      <line num="145" type="stmt" count="0"/>
      <line num="146" type="stmt" count="0"/>
      <line num="148" type="stmt" count="0"/>
      <line num="150" type="stmt" count="0"/>
      <line num="153" type="stmt" count="0"/>
      <line num="154" type="stmt" count="0"/>
      <line num="155" type="stmt" count="0"/>
      <line num="157" type="stmt" count="0"/>
      <line num="159" type="stmt" count="0"/>
      <line num="160" type="stmt" count="0"/>
      <line num="161" type="stmt" count="0"/>
      <line num="162" type="stmt" count="0"/>
      <line num="165" type="stmt" count="0"/>
      <line num="167" type="stmt" count="0"/>
      <line num="169" type="stmt" count="0"/>
      <line num="170" type="stmt" count="0"/>
      <line num="173" type="stmt" count="0"/>
      <line num="176" type="stmt" count="0"/>
      <line num="177" type="stmt" count="0"/>
      <line num="178" type="stmt" count="0"/>
      <line num="180" type="stmt" count="0"/>
      <line num="182" type="stmt" count="0"/>
      <line num="184" type="stmt" count="0"/>
      <line num="185" type="stmt" count="0"/>
      <line num="186" type="stmt" count="0"/>
      <line num="187" type="stmt" count="0"/>
      <line num="189" type="stmt" count="0"/>
      <line num="190" type="stmt" count="0"/>
      <line num="191" type="stmt" count="0"/>
      <line num="192" type="stmt" count="0"/>
      <line num="194" type="stmt" count="0"/>
      <line num="196" type="stmt" count="0"/>
      <line num="197" type="stmt" count="0"/>
      <line num="198" type="stmt" count="0"/>
      <line num="199" type="stmt" count="0"/>
      <line num="200" type="stmt" count="0"/>
      <line num="202" type="stmt" count="0"/>
      <line num="203" type="stmt" count="0"/>
      <line num="204" type="stmt" count="0"/>
      <line num="207" type="stmt" count="0"/>
      <line num="208" type="stmt" count="0"/>
      <line num="209" type="stmt" count="0"/>
      <line num="211" type="stmt" count="0"/>
      <line num="212" type="stmt" count="0"/>
      <line num="214" type="stmt" count="0"/>
      <line num="217" type="stmt" count="0"/>
      <metrics loc="225" ncloc="170" classes="1" methods="2" coveredmethods="1" statements="108" coveredstatements="49" elements="110" coveredelements="50"/>
    </file>
    <file name="/home/mario/workspace/php-ids.org/branches/0.4.0/lib/IDS/Caching/Factory.php">
      <class name="IDS_Caching">
        <metrics methods="1" coveredmethods="1" statements="22" coveredstatements="15" elements="23" coveredelements="16"/>
      </class>
      <line num="10" type="method" count="28"/>
      <line num="12" type="stmt" count="28"/>
      <line num="14" type="stmt" count="28"/>
      <line num="15" type="stmt" count="4"/>
      <line num="16" type="stmt" count="4"/>
      <line num="17" type="stmt" count="4"/>
      <line num="19" type="stmt" count="24"/>
      <line num="20" type="stmt" count="23"/>
      <line num="21" type="stmt" count="23"/>
      <line num="22" type="stmt" count="23"/>
      <line num="24" type="stmt" count="1"/>
      <line num="25" type="stmt" count="0"/>
      <line num="26" type="stmt" count="0"/>
      <line num="27" type="stmt" count="0"/>
      <line num="29" type="stmt" count="1"/>
      <line num="30" type="stmt" count="0"/>
      <line num="31" type="stmt" count="0"/>
      <line num="32" type="stmt" count="0"/>
      <line num="34" type="stmt" count="1"/>
      <line num="35" type="stmt" count="1"/>
      <line num="36" type="stmt" count="1"/>
      <line num="38" type="stmt" count="28"/>
      <metrics loc="47" ncloc="38" classes="1" methods="1" coveredmethods="1" statements="22" coveredstatements="15" elements="23" coveredelements="16"/>
    </file>
    <file name="/home/mario/workspace/php-ids.org/branches/0.4.0/lib/IDS/Caching/File.php">
      <class name="IDS_Caching_File">
        <metrics methods="4" coveredmethods="4" statements="25" coveredstatements="19" elements="29" coveredelements="23"/>
      </class>
      <line num="28" type="stmt" count="1"/>
      <line num="56" type="method" count="1"/>
      <line num="58" type="stmt" count="1"/>
      <line num="59" type="stmt" count="1"/>
      <line num="60" type="stmt" count="1"/>
      <line num="62" type="stmt" count="1"/>
      <line num="63" type="stmt" count="0"/>
      <line num="65" type="stmt" count="1"/>
      <line num="73" type="method" count="23"/>
      <line num="75" type="stmt" count="23"/>
      <line num="76" type="stmt" count="1"/>
      <line num="77" type="stmt" count="1"/>
      <line num="78" type="stmt" count="23"/>
      <line num="87" type="method" count="22"/>
      <line num="89" type="stmt" count="22"/>
      <line num="90" type="stmt" count="3"/>
      <line num="91" type="stmt" count="3"/>
      <line num="92" type="stmt" count="3"/>
      <line num="93" type="stmt" count="3"/>
      <line num="95" type="stmt" count="22"/>
      <line num="104" type="method" count="21"/>
      <line num="107" type="stmt" count="21"/>
      <line num="108" type="stmt" count="20"/>
      <line num="109" type="stmt" count="20"/>
      <line num="111" type="stmt" count="1"/>
      <line num="120" type="stmt" count="1"/>
      <metrics loc="120" ncloc="52" classes="1" methods="4" coveredmethods="4" statements="25" coveredstatements="19" elements="29" coveredelements="23"/>
    </file>
    <file name="/home/mario/workspace/php-ids.org/branches/0.4.0/lib/IDS/Monitor.php">
      <class name="IDS_Monitor">
        <metrics methods="8" coveredmethods="8" statements="80" coveredstatements="72" elements="88" coveredelements="80"/>
      </class>
      <line num="59" type="method" count="19"/>
      <line num="61" type="stmt" count="19"/>
      <line num="62" type="stmt" count="19"/>
      <line num="63" type="stmt" count="19"/>
      <line num="64" type="stmt" count="19"/>
      <line num="66" type="stmt" count="19"/>
      <line num="67" type="stmt" count="19"/>
      <line num="68" type="stmt" count="19"/>
      <line num="70" type="stmt" count="19"/>
      <line num="71" type="stmt" count="19"/>
      <line num="72" type="stmt" count="19"/>
      <line num="79" type="method" count="17"/>
      <line num="80" type="stmt" count="17"/>
      <line num="81" type="stmt" count="17"/>
      <line num="82" type="stmt" count="17"/>
      <line num="83" type="stmt" count="17"/>
      <line num="84" type="stmt" count="17"/>
      <line num="86" type="stmt" count="17"/>
      <line num="99" type="method" count="17"/>
      <line num="100" type="stmt" count="17"/>
      <line num="101" type="stmt" count="17"/>
      <line num="103" type="stmt" count="17"/>
      <line num="104" type="stmt" count="16"/>
      <line num="105" type="stmt" count="16"/>
      <line num="106" type="stmt" count="16"/>
      <line num="107" type="stmt" count="16"/>
      <line num="108" type="stmt" count="16"/>
      <line num="110" type="stmt" count="16"/>
      <line num="111" type="stmt" count="16"/>
      <line num="112" type="stmt" count="16"/>
      <line num="113" type="stmt" count="17"/>
      <line num="114" type="stmt" count="17"/>
      <line num="115" type="stmt" count="2"/>
      <line num="116" type="stmt" count="2"/>
      <line num="117" type="stmt" count="2"/>
      <line num="118" type="stmt" count="2"/>
      <line num="119" type="stmt" count="2"/>
      <line num="121" type="stmt" count="17"/>
      <line num="132" type="method" count="17"/>
      <line num="135" type="stmt" count="17"/>
      <line num="137" type="stmt" count="16"/>
      <line num="138" type="stmt" count="1"/>
      <line num="142" type="stmt" count="16"/>
      <line num="145" type="stmt" count="16"/>
      <line num="146" type="stmt" count="16"/>
      <line num="147" type="stmt" count="16"/>
      <line num="149" type="stmt" count="16"/>
      <line num="150" type="stmt" count="16"/>
      <line num="151" type="stmt" count="16"/>
      <line num="155" type="stmt" count="16"/>
      <line num="156" type="stmt" count="1"/>
      <line num="157" type="stmt" count="1"/>
      <line num="158" type="stmt" count="1"/>
      <line num="159" type="stmt" count="1"/>
      <line num="160" type="stmt" count="1"/>
      <line num="163" type="stmt" count="1"/>
      <line num="164" type="stmt" count="15"/>
      <line num="165" type="stmt" count="15"/>
      <line num="166" type="stmt" count="15"/>
      <line num="168" type="stmt" count="16"/>
      <line num="170" type="stmt" count="16"/>
      <line num="172" type="stmt" count="2"/>
      <line num="182" type="method" count="16"/>
      <line num="183" type="stmt" count="16"/>
      <line num="184" type="stmt" count="1"/>
      <line num="185" type="stmt" count="1"/>
      <line num="187" type="stmt" count="1"/>
      <line num="189" type="stmt" count="16"/>
      <line num="190" type="stmt" count="16"/>
      <line num="193" type="stmt" count="16"/>
      <line num="202" type="method" count="3"/>
      <line num="203" type="stmt" count="3"/>
      <line num="204" type="stmt" count="2"/>
      <line num="205" type="stmt" count="2"/>
      <line num="207" type="stmt" count="3"/>
      <line num="208" type="stmt" count="3"/>
      <line num="215" type="method" count="2"/>
      <line num="216" type="stmt" count="2"/>
      <line num="225" type="method" count="17"/>
      <line num="226" type="stmt" count="17"/>
      <metrics loc="236" ncloc="132" classes="1" methods="8" coveredmethods="8" statements="80" coveredstatements="72" elements="88" coveredelements="80"/>
    </file>
    <file name="/home/mario/workspace/php-ids.org/branches/0.4.0/lib/IDS/Converter.php">
      <class name="IDS_Converter">
        <metrics methods="9" coveredmethods="9" statements="121" coveredstatements="111" elements="130" coveredelements="120"/>
      </class>
      <line num="31" type="stmt" count="1"/>
      <line num="43" type="method" count="16"/>
      <line num="44" type="stmt" count="16"/>
      <line num="46" type="stmt" count="16"/>
      <line num="47" type="stmt" count="16"/>
      <line num="49" type="stmt" count="16"/>
      <line num="50" type="stmt" count="16"/>
      <line num="51" type="stmt" count="16"/>
      <line num="53" type="stmt" count="16"/>
      <line num="62" type="method" count="16"/>
      <line num="65" type="stmt" count="16"/>
      <line num="66" type="stmt" count="16"/>
      <line num="67" type="stmt" count="16"/>
      <line num="68" type="stmt" count="16"/>
      <line num="69" type="stmt" count="16"/>
      <line num="70" type="stmt" count="16"/>
      <line num="71" type="stmt" count="16"/>
      <line num="72" type="stmt" count="16"/>
      <line num="73" type="stmt" count="16"/>
      <line num="74" type="stmt" count="16"/>
      <line num="75" type="stmt" count="16"/>
      <line num="76" type="stmt" count="16"/>
      <line num="77" type="stmt" count="16"/>
      <line num="78" type="stmt" count="16"/>
      <line num="79" type="stmt" count="16"/>
      <line num="80" type="stmt" count="16"/>
      <line num="81" type="stmt" count="16"/>
      <line num="82" type="stmt" count="16"/>
      <line num="83" type="stmt" count="16"/>
      <line num="84" type="stmt" count="16"/>
      <line num="86" type="stmt" count="16"/>
      <line num="88" type="stmt" count="16"/>
      <line num="90" type="stmt" count="16"/>
      <line num="98" type="method" count="16"/>
      <line num="101" type="stmt" count="16"/>
      <line num="103" type="stmt" count="2"/>
      <line num="104" type="stmt" count="2"/>
      <line num="105" type="stmt" count="2"/>
      <line num="106" type="stmt" count="2"/>
      <line num="107" type="stmt" count="2"/>
      <line num="109" type="stmt" count="2"/>
      <line num="110" type="stmt" count="2"/>
      <line num="111" type="stmt" count="2"/>
      <line num="112" type="stmt" count="1"/>
      <line num="113" type="stmt" count="1"/>
      <line num="115" type="stmt" count="2"/>
      <line num="116" type="stmt" count="2"/>
      <line num="117" type="stmt" count="2"/>
      <line num="118" type="stmt" count="2"/>
      <line num="120" type="stmt" count="2"/>
      <line num="121" type="stmt" count="2"/>
      <line num="124" type="stmt" count="16"/>
      <line num="126" type="stmt" count="1"/>
      <line num="127" type="stmt" count="1"/>
      <line num="129" type="stmt" count="1"/>
      <line num="130" type="stmt" count="1"/>
      <line num="131" type="stmt" count="1"/>
      <line num="132" type="stmt" count="1"/>
      <line num="133" type="stmt" count="1"/>
      <line num="135" type="stmt" count="1"/>
      <line num="136" type="stmt" count="1"/>
      <line num="139" type="stmt" count="16"/>
      <line num="141" type="stmt" count="2"/>
      <line num="142" type="stmt" count="2"/>
      <line num="144" type="stmt" count="2"/>
      <line num="145" type="stmt" count="2"/>
      <line num="146" type="stmt" count="2"/>
      <line num="147" type="stmt" count="2"/>
      <line num="148" type="stmt" count="2"/>
      <line num="150" type="stmt" count="2"/>
      <line num="151" type="stmt" count="2"/>
      <line num="153" type="stmt" count="16"/>
      <line num="161" type="method" count="16"/>
      <line num="164" type="stmt" count="16"/>
      <line num="166" type="stmt" count="2"/>
      <line num="167" type="stmt" count="2"/>
      <line num="169" type="stmt" count="2"/>
      <line num="171" type="stmt" count="2"/>
      <line num="173" type="stmt" count="2"/>
      <line num="174" type="stmt" count="2"/>
      <line num="176" type="stmt" count="16"/>
      <line num="184" type="method" count="16"/>
      <line num="187" type="stmt" count="16"/>
      <line num="189" type="stmt" count="16"/>
      <line num="191" type="stmt" count="16"/>
      <line num="199" type="method" count="16"/>
      <line num="201" type="stmt" count="16"/>
      <line num="202" type="stmt" count="16"/>
      <line num="203" type="stmt" count="16"/>
      <line num="204" type="stmt" count="16"/>
      <line num="206" type="stmt" count="16"/>
      <line num="207" type="stmt" count="16"/>
      <line num="208" type="stmt" count="16"/>
      <line num="209" type="stmt" count="16"/>
      <line num="211" type="stmt" count="16"/>
      <line num="214" type="stmt" count="16"/>
      <line num="216" type="stmt" count="16"/>
      <line num="217" type="stmt" count="5"/>
      <line num="218" type="stmt" count="5"/>
      <line num="220" type="stmt" count="16"/>
      <line num="228" type="method" count="16"/>
      <line num="230" type="stmt" count="16"/>
      <line num="231" type="stmt" count="16"/>
      <line num="232" type="stmt" count="2"/>
      <line num="233" type="stmt" count="2"/>
      <line num="234" type="stmt" count="2"/>
      <line num="236" type="stmt" count="16"/>
      <line num="244" type="method" count="16"/>
      <line num="247" type="stmt" count="16"/>
      <line num="249" type="stmt" count="16"/>
      <line num="250" type="stmt" count="16"/>
      <line num="251" type="stmt" count="16"/>
      <line num="252" type="stmt" count="1"/>
      <line num="253" type="stmt" count="1"/>
      <line num="255" type="stmt" count="16"/>
      <line num="256" type="stmt" count="16"/>
      <line num="264" type="method" count="16"/>
      <line num="266" type="stmt" count="16"/>
      <line num="267" type="stmt" count="16"/>
      <line num="268" type="stmt" count="16"/>
      <line num="269" type="stmt" count="16"/>
      <line num="279" type="stmt" count="1"/>
      <metrics loc="279" ncloc="187" classes="1" methods="9" coveredmethods="9" statements="121" coveredstatements="111" elements="130" coveredelements="120"/>
    </file>
    <file name="/home/mario/workspace/php-ids.org/branches/0.4.0/lib/IDS/Caching/Session.php">
      <class name="IDS_Caching_Session">
        <metrics methods="4" coveredmethods="4" statements="16" coveredstatements="12" elements="20" coveredelements="16"/>
      </class>
      <line num="28" type="stmt" count="1"/>
      <line num="51" type="method" count="1"/>
      <line num="53" type="stmt" count="1"/>
      <line num="54" type="stmt" count="1"/>
      <line num="55" type="stmt" count="1"/>
      <line num="63" type="method" count="4"/>
      <line num="65" type="stmt" count="4"/>
      <line num="66" type="stmt" count="1"/>
      <line num="67" type="stmt" count="1"/>
      <line num="68" type="stmt" count="4"/>
      <line num="77" type="method" count="3"/>
      <line num="79" type="stmt" count="3"/>
      <line num="80" type="stmt" count="3"/>
      <line num="89" type="method" count="2"/>
      <line num="91" type="stmt" count="2"/>
      <line num="92" type="stmt" count="1"/>
      <line num="94" type="stmt" count="1"/>
      <line num="103" type="stmt" count="1"/>
      <metrics loc="103" ncloc="40" classes="1" methods="4" coveredmethods="4" statements="16" coveredstatements="12" elements="20" coveredelements="16"/>
    </file>
    <metrics files="11" loc="1811" ncloc="957" classes="11" methods="60" coveredmethods="59" statements="550" coveredstatements="415" elements="610" coveredelements="474"/>
  </project>
</coverage>
