<?xml version="1.0" encoding="UTF-8"?>
<coverage generated="1188167171" phpunit="3.1.7">
  <project name="PHP IDS" timestamp="1188167171">
    <file name="/home/mario/workspace/php-ids.org/trunk/lib/IDS/Event.php">
      <class name="IDS_Event">
        <metrics methods="8" coveredmethods="8" statements="50" coveredstatements="40" elements="58" coveredelements="48"/>
      </class>
      <line num="0" type="stmt" count="4"/>
      <line num="78" type="method" count="40"/>
      <line num="79" type="stmt" count="40"/>
      <line num="80" type="stmt" count="1"/>
      <line num="81" type="stmt" count="1"/>
      <line num="83" type="stmt" count="40"/>
      <line num="85" type="stmt" count="40"/>
      <line num="86" type="stmt" count="1"/>
      <line num="87" type="stmt" count="1"/>
      <line num="89" type="stmt" count="40"/>
      <line num="91" type="stmt" count="40"/>
      <line num="93" type="stmt" count="40"/>
      <line num="94" type="stmt" count="1"/>
      <line num="95" type="stmt" count="1"/>
      <line num="97" type="stmt" count="40"/>
      <line num="98" type="stmt" count="40"/>
      <line num="99" type="stmt" count="40"/>
      <line num="109" type="method" count="35"/>
      <line num="110" type="stmt" count="35"/>
      <line num="120" type="method" count="2"/>
      <line num="121" type="stmt" count="2"/>
      <line num="131" type="method" count="18"/>
      <line num="134" type="stmt" count="18"/>
      <line num="135" type="stmt" count="18"/>
      <line num="136" type="stmt" count="18"/>
      <line num="137" type="stmt" count="18"/>
      <line num="138" type="stmt" count="18"/>
      <line num="139" type="stmt" count="18"/>
      <line num="141" type="stmt" count="18"/>
      <line num="151" type="method" count="4"/>
      <line num="152" type="stmt" count="4"/>
      <line num="153" type="stmt" count="4"/>
      <line num="154" type="stmt" count="4"/>
      <line num="155" type="stmt" count="4"/>
      <line num="156" type="stmt" count="4"/>
      <line num="157" type="stmt" count="4"/>
      <line num="158" type="stmt" count="4"/>
      <line num="159" type="stmt" count="4"/>
      <line num="161" type="stmt" count="4"/>
      <line num="162" type="stmt" count="4"/>
      <line num="163" type="stmt" count="4"/>
      <line num="164" type="stmt" count="4"/>
      <line num="166" type="stmt" count="4"/>
      <line num="174" type="method" count="9"/>
      <line num="175" type="stmt" count="9"/>
      <line num="186" type="method" count="2"/>
      <line num="187" type="stmt" count="2"/>
      <line num="197" type="method" count="3"/>
      <line num="198" type="stmt" count="3"/>
      <metrics loc="207" ncloc="88" classes="1" methods="8" coveredmethods="8" statements="50" coveredstatements="40" elements="58" coveredelements="48"/>
    </file>
    <file name="/home/mario/workspace/php-ids.org/trunk/lib/IDS/Filter/Filter.php">
      <class name="IDS_Filter">
        <metrics methods="6" coveredmethods="6" statements="20" coveredstatements="14" elements="26" coveredelements="20"/>
      </class>
      <line num="69" type="method" count="50"/>
      <line num="70" type="stmt" count="50"/>
      <line num="71" type="stmt" count="50"/>
      <line num="72" type="stmt" count="50"/>
      <line num="73" type="stmt" count="50"/>
      <line num="74" type="stmt" count="50"/>
      <line num="84" type="method" count="19"/>
      <line num="85" type="stmt" count="19"/>
      <line num="86" type="stmt" count="1"/>
      <line num="87" type="stmt" count="1"/>
      <line num="88" type="stmt" count="1"/>
      <line num="91" type="stmt" count="18"/>
      <line num="99" type="method" count="2"/>
      <line num="100" type="stmt" count="2"/>
      <line num="112" type="method" count="6"/>
      <line num="113" type="stmt" count="6"/>
      <line num="121" type="method" count="19"/>
      <line num="122" type="stmt" count="19"/>
      <line num="130" type="method" count="19"/>
      <line num="131" type="stmt" count="19"/>
      <metrics loc="140" ncloc="47" classes="1" methods="6" coveredmethods="6" statements="20" coveredstatements="14" elements="26" coveredelements="20"/>
    </file>
    <file name="/home/mario/workspace/php-ids.org/trunk/lib/IDS/Report.php">
      <class name="IDS_Report">
        <metrics methods="11" coveredmethods="11" statements="70" coveredstatements="58" elements="81" coveredelements="69"/>
      </class>
      <line num="0" type="stmt" count="1"/>
      <line num="64" type="method" count="37"/>
      <line num="65" type="stmt" count="37"/>
      <line num="66" type="stmt" count="18"/>
      <line num="67" type="stmt" count="18"/>
      <line num="68" type="stmt" count="18"/>
      <line num="69" type="stmt" count="18"/>
      <line num="70" type="stmt" count="37"/>
      <line num="78" type="method" count="34"/>
      <line num="79" type="stmt" count="34"/>
      <line num="80" type="stmt" count="34"/>
      <line num="82" type="stmt" count="34"/>
      <line num="95" type="method" count="5"/>
      <line num="96" type="stmt" count="5"/>
      <line num="97" type="stmt" count="1"/>
      <line num="99" type="stmt" count="1"/>
      <line num="102" type="stmt" count="4"/>
      <line num="103" type="stmt" count="3"/>
      <line num="106" type="stmt" count="1"/>
      <line num="117" type="method" count="3"/>
      <line num="118" type="stmt" count="3"/>
      <line num="119" type="stmt" count="3"/>
      <line num="121" type="stmt" count="3"/>
      <line num="122" type="stmt" count="3"/>
      <line num="123" type="stmt" count="3"/>
      <line num="124" type="stmt" count="3"/>
      <line num="125" type="stmt" count="3"/>
      <line num="126" type="stmt" count="3"/>
      <line num="128" type="stmt" count="3"/>
      <line num="129" type="stmt" count="3"/>
      <line num="130" type="stmt" count="3"/>
      <line num="131" type="stmt" count="3"/>
      <line num="133" type="stmt" count="3"/>
      <line num="144" type="method" count="17"/>
      <line num="145" type="stmt" count="17"/>
      <line num="146" type="stmt" count="17"/>
      <line num="147" type="stmt" count="17"/>
      <line num="148" type="stmt" count="17"/>
      <line num="149" type="stmt" count="17"/>
      <line num="150" type="stmt" count="17"/>
      <line num="152" type="stmt" count="17"/>
      <line num="161" type="method" count="18"/>
      <line num="162" type="stmt" count="18"/>
      <line num="163" type="stmt" count="1"/>
      <line num="166" type="stmt" count="17"/>
      <line num="176" type="method" count="1"/>
      <line num="177" type="stmt" count="1"/>
      <line num="190" type="method" count="1"/>
      <line num="191" type="stmt" count="1"/>
      <line num="199" type="method" count="4"/>
      <line num="200" type="stmt" count="4"/>
      <line num="208" type="method" count="34"/>
      <line num="209" type="stmt" count="34"/>
      <line num="210" type="stmt" count="34"/>
      <line num="211" type="stmt" count="34"/>
      <line num="218" type="method" count="2"/>
      <line num="219" type="stmt" count="2"/>
      <line num="220" type="stmt" count="1"/>
      <line num="222" type="stmt" count="1"/>
      <line num="223" type="stmt" count="1"/>
      <line num="225" type="stmt" count="1"/>
      <line num="226" type="stmt" count="1"/>
      <line num="227" type="stmt" count="1"/>
      <line num="229" type="stmt" count="1"/>
      <line num="230" type="stmt" count="1"/>
      <line num="231" type="stmt" count="1"/>
      <line num="232" type="stmt" count="1"/>
      <line num="233" type="stmt" count="1"/>
      <line num="234" type="stmt" count="1"/>
      <line num="236" type="stmt" count="2"/>
      <metrics loc="245" ncloc="118" classes="1" methods="11" coveredmethods="11" statements="70" coveredstatements="58" elements="81" coveredelements="69"/>
    </file>
    <file name="/home/mario/workspace/php-ids.org/trunk/lib/IDS/Filter/Storage.php">
      <class name="IDS_Filter_Storage">
        <metrics methods="1" coveredmethods="1" statements="47" coveredstatements="39" elements="48" coveredelements="40"/>
      </class>
      <line num="40" type="method" count="23"/>
      <line num="41" type="stmt" count="23"/>
      <line num="43" type="stmt" count="23"/>
      <line num="44" type="stmt" count="0"/>
      <line num="45" type="stmt" count="0"/>
      <line num="46" type="stmt" count="23"/>
      <line num="47" type="stmt" count="22"/>
      <line num="48" type="stmt" count="22"/>
      <line num="49" type="stmt" count="22"/>
      <line num="50" type="stmt" count="0"/>
      <line num="52" type="stmt" count="23"/>
      <line num="53" type="stmt" count="1"/>
      <line num="54" type="stmt" count="1"/>
      <line num="55" type="stmt" count="1"/>
      <line num="56" type="stmt" count="0"/>
      <line num="58" type="stmt" count="1"/>
      <line num="61" type="stmt" count="23"/>
      <line num="62" type="stmt" count="1"/>
      <line num="65" type="stmt" count="1"/>
      <line num="68" type="stmt" count="22"/>
      <line num="69" type="stmt" count="22"/>
      <line num="70" type="stmt" count="22"/>
      <line num="72" type="stmt" count="22"/>
      <line num="74" type="stmt" count="22"/>
      <line num="76" type="stmt" count="22"/>
      <line num="77" type="stmt" count="22"/>
      <line num="78" type="stmt" count="22"/>
      <line num="79" type="stmt" count="22"/>
      <line num="81" type="stmt" count="22"/>
      <line num="82" type="stmt" count="22"/>
      <line num="83" type="stmt" count="22"/>
      <line num="84" type="stmt" count="22"/>
      <line num="86" type="stmt" count="22"/>
      <line num="88" type="stmt" count="22"/>
      <line num="89" type="stmt" count="22"/>
      <line num="90" type="stmt" count="22"/>
      <line num="91" type="stmt" count="22"/>
      <line num="92" type="stmt" count="22"/>
      <line num="93" type="stmt" count="22"/>
      <line num="95" type="stmt" count="22"/>
      <line num="96" type="stmt" count="22"/>
      <line num="97" type="stmt" count="22"/>
      <line num="99" type="stmt" count="22"/>
      <line num="100" type="stmt" count="0"/>
      <line num="102" type="stmt" count="0"/>
      <line num="105" type="stmt" count="22"/>
      <metrics loc="114" ncloc="76" classes="1" methods="1" coveredmethods="1" statements="47" coveredstatements="39" elements="48" coveredelements="40"/>
    </file>
    <file name="/home/mario/workspace/php-ids.org/trunk/lib/IDS/Filter/Storage/Abstract.php">
      <class name="IDS_Filter_Storage_Abstract">
        <metrics methods="6" coveredmethods="6" statements="22" coveredstatements="12" elements="28" coveredelements="18"/>
      </class>
      <line num="39" type="method" count="24"/>
      <line num="40" type="stmt" count="24"/>
      <line num="41" type="stmt" count="0"/>
      <line num="42" type="stmt" count="0"/>
      <line num="43" type="stmt" count="24"/>
      <line num="52" type="method" count="1"/>
      <line num="53" type="stmt" count="1"/>
      <line num="54" type="stmt" count="0"/>
      <line num="55" type="stmt" count="0"/>
      <line num="57" type="stmt" count="1"/>
      <line num="66" type="method" count="16"/>
      <line num="67" type="stmt" count="16"/>
      <line num="77" type="method" count="22"/>
      <line num="78" type="stmt" count="22"/>
      <line num="79" type="stmt" count="22"/>
      <line num="87" type="method" count="2"/>
      <line num="88" type="stmt" count="2"/>
      <line num="89" type="stmt" count="1"/>
      <line num="92" type="stmt" count="1"/>
      <line num="101" type="method" count="22"/>
      <line num="102" type="stmt" count="22"/>
      <line num="103" type="stmt" count="22"/>
      <metrics loc="112" ncloc="44" classes="1" methods="6" coveredmethods="6" statements="22" coveredstatements="12" elements="28" coveredelements="18"/>
    </file>
    <file name="/home/mario/workspace/php-ids.org/trunk/lib/IDS/Converter.php">
      <class name="IDS_Converter">
        <metrics methods="9" coveredmethods="9" statements="120" coveredstatements="110" elements="129" coveredelements="119"/>
      </class>
      <line num="31" type="stmt" count="1"/>
      <line num="43" type="method" count="16"/>
      <line num="44" type="stmt" count="16"/>
      <line num="46" type="stmt" count="16"/>
      <line num="47" type="stmt" count="16"/>
      <line num="49" type="stmt" count="16"/>
      <line num="50" type="stmt" count="16"/>
      <line num="51" type="stmt" count="16"/>
      <line num="53" type="stmt" count="16"/>
      <line num="62" type="method" count="16"/>
      <line num="65" type="stmt" count="16"/>
      <line num="66" type="stmt" count="16"/>
      <line num="67" type="stmt" count="16"/>
      <line num="68" type="stmt" count="16"/>
      <line num="69" type="stmt" count="16"/>
      <line num="70" type="stmt" count="16"/>
      <line num="71" type="stmt" count="16"/>
      <line num="72" type="stmt" count="16"/>
      <line num="73" type="stmt" count="16"/>
      <line num="74" type="stmt" count="16"/>
      <line num="75" type="stmt" count="16"/>
      <line num="76" type="stmt" count="16"/>
      <line num="77" type="stmt" count="16"/>
      <line num="78" type="stmt" count="16"/>
      <line num="79" type="stmt" count="16"/>
      <line num="80" type="stmt" count="16"/>
      <line num="81" type="stmt" count="16"/>
      <line num="82" type="stmt" count="16"/>
      <line num="83" type="stmt" count="16"/>
      <line num="84" type="stmt" count="16"/>
      <line num="86" type="stmt" count="16"/>
      <line num="88" type="stmt" count="16"/>
      <line num="90" type="stmt" count="16"/>
      <line num="98" type="method" count="16"/>
      <line num="101" type="stmt" count="16"/>
      <line num="103" type="stmt" count="2"/>
      <line num="104" type="stmt" count="2"/>
      <line num="105" type="stmt" count="2"/>
      <line num="106" type="stmt" count="2"/>
      <line num="107" type="stmt" count="2"/>
      <line num="109" type="stmt" count="2"/>
      <line num="110" type="stmt" count="2"/>
      <line num="111" type="stmt" count="2"/>
      <line num="112" type="stmt" count="1"/>
      <line num="113" type="stmt" count="1"/>
      <line num="115" type="stmt" count="2"/>
      <line num="116" type="stmt" count="2"/>
      <line num="117" type="stmt" count="2"/>
      <line num="118" type="stmt" count="2"/>
      <line num="120" type="stmt" count="2"/>
      <line num="121" type="stmt" count="2"/>
      <line num="124" type="stmt" count="16"/>
      <line num="126" type="stmt" count="1"/>
      <line num="127" type="stmt" count="1"/>
      <line num="129" type="stmt" count="1"/>
      <line num="130" type="stmt" count="1"/>
      <line num="131" type="stmt" count="1"/>
      <line num="132" type="stmt" count="1"/>
      <line num="133" type="stmt" count="1"/>
      <line num="135" type="stmt" count="1"/>
      <line num="136" type="stmt" count="1"/>
      <line num="139" type="stmt" count="16"/>
      <line num="141" type="stmt" count="2"/>
      <line num="142" type="stmt" count="2"/>
      <line num="144" type="stmt" count="2"/>
      <line num="145" type="stmt" count="2"/>
      <line num="146" type="stmt" count="2"/>
      <line num="147" type="stmt" count="2"/>
      <line num="148" type="stmt" count="2"/>
      <line num="150" type="stmt" count="2"/>
      <line num="151" type="stmt" count="2"/>
      <line num="153" type="stmt" count="16"/>
      <line num="161" type="method" count="16"/>
      <line num="164" type="stmt" count="16"/>
      <line num="166" type="stmt" count="2"/>
      <line num="167" type="stmt" count="2"/>
      <line num="169" type="stmt" count="2"/>
      <line num="171" type="stmt" count="2"/>
      <line num="173" type="stmt" count="2"/>
      <line num="174" type="stmt" count="2"/>
      <line num="176" type="stmt" count="16"/>
      <line num="184" type="method" count="16"/>
      <line num="187" type="stmt" count="16"/>
      <line num="189" type="stmt" count="16"/>
      <line num="191" type="stmt" count="16"/>
      <line num="199" type="method" count="16"/>
      <line num="201" type="stmt" count="16"/>
      <line num="202" type="stmt" count="16"/>
      <line num="203" type="stmt" count="16"/>
      <line num="204" type="stmt" count="16"/>
      <line num="206" type="stmt" count="16"/>
      <line num="207" type="stmt" count="16"/>
      <line num="208" type="stmt" count="16"/>
      <line num="209" type="stmt" count="16"/>
      <line num="211" type="stmt" count="16"/>
      <line num="214" type="stmt" count="16"/>
      <line num="216" type="stmt" count="16"/>
      <line num="217" type="stmt" count="5"/>
      <line num="218" type="stmt" count="5"/>
      <line num="220" type="stmt" count="16"/>
      <line num="228" type="method" count="16"/>
      <line num="230" type="stmt" count="16"/>
      <line num="231" type="stmt" count="16"/>
      <line num="232" type="stmt" count="2"/>
      <line num="233" type="stmt" count="2"/>
      <line num="234" type="stmt" count="2"/>
      <line num="236" type="stmt" count="16"/>
      <line num="244" type="method" count="16"/>
      <line num="246" type="stmt" count="16"/>
      <line num="247" type="stmt" count="16"/>
      <line num="248" type="stmt" count="16"/>
      <line num="249" type="stmt" count="8"/>
      <line num="250" type="stmt" count="8"/>
      <line num="252" type="stmt" count="16"/>
      <line num="253" type="stmt" count="12"/>
      <line num="261" type="method" count="16"/>
      <line num="263" type="stmt" count="16"/>
      <line num="264" type="stmt" count="16"/>
      <line num="266" type="stmt" count="16"/>
      <line num="268" type="stmt" count="16"/>
      <line num="278" type="stmt" count="1"/>
      <metrics loc="278" ncloc="188" classes="1" methods="9" coveredmethods="9" statements="120" coveredstatements="110" elements="129" coveredelements="119"/>
    </file>
    <file name="/home/mario/workspace/php-ids.org/trunk/lib/IDS/Monitor.php">
      <class name="IDS_Monitor">
        <metrics methods="8" coveredmethods="8" statements="78" coveredstatements="70" elements="86" coveredelements="78"/>
      </class>
      <line num="58" type="method" count="19"/>
      <line num="59" type="stmt" count="19"/>
      <line num="60" type="stmt" count="19"/>
      <line num="61" type="stmt" count="19"/>
      <line num="62" type="stmt" count="19"/>
      <line num="63" type="stmt" count="19"/>
      <line num="65" type="stmt" count="19"/>
      <line num="66" type="stmt" count="19"/>
      <line num="67" type="stmt" count="19"/>
      <line num="74" type="method" count="17"/>
      <line num="75" type="stmt" count="17"/>
      <line num="76" type="stmt" count="17"/>
      <line num="77" type="stmt" count="17"/>
      <line num="78" type="stmt" count="17"/>
      <line num="79" type="stmt" count="17"/>
      <line num="81" type="stmt" count="17"/>
      <line num="94" type="method" count="17"/>
      <line num="95" type="stmt" count="17"/>
      <line num="96" type="stmt" count="17"/>
      <line num="98" type="stmt" count="17"/>
      <line num="99" type="stmt" count="16"/>
      <line num="100" type="stmt" count="16"/>
      <line num="101" type="stmt" count="16"/>
      <line num="102" type="stmt" count="16"/>
      <line num="103" type="stmt" count="16"/>
      <line num="105" type="stmt" count="16"/>
      <line num="106" type="stmt" count="16"/>
      <line num="107" type="stmt" count="16"/>
      <line num="108" type="stmt" count="17"/>
      <line num="109" type="stmt" count="17"/>
      <line num="110" type="stmt" count="2"/>
      <line num="111" type="stmt" count="2"/>
      <line num="112" type="stmt" count="2"/>
      <line num="113" type="stmt" count="2"/>
      <line num="114" type="stmt" count="2"/>
      <line num="116" type="stmt" count="17"/>
      <line num="127" type="method" count="17"/>
      <line num="130" type="stmt" count="17"/>
      <line num="132" type="stmt" count="16"/>
      <line num="133" type="stmt" count="1"/>
      <line num="137" type="stmt" count="16"/>
      <line num="140" type="stmt" count="16"/>
      <line num="141" type="stmt" count="16"/>
      <line num="142" type="stmt" count="16"/>
      <line num="144" type="stmt" count="16"/>
      <line num="145" type="stmt" count="16"/>
      <line num="146" type="stmt" count="16"/>
      <line num="150" type="stmt" count="16"/>
      <line num="151" type="stmt" count="1"/>
      <line num="152" type="stmt" count="1"/>
      <line num="153" type="stmt" count="1"/>
      <line num="154" type="stmt" count="1"/>
      <line num="155" type="stmt" count="1"/>
      <line num="158" type="stmt" count="1"/>
      <line num="159" type="stmt" count="15"/>
      <line num="160" type="stmt" count="15"/>
      <line num="161" type="stmt" count="15"/>
      <line num="163" type="stmt" count="16"/>
      <line num="165" type="stmt" count="16"/>
      <line num="167" type="stmt" count="2"/>
      <line num="177" type="method" count="16"/>
      <line num="178" type="stmt" count="16"/>
      <line num="179" type="stmt" count="1"/>
      <line num="180" type="stmt" count="1"/>
      <line num="182" type="stmt" count="1"/>
      <line num="184" type="stmt" count="16"/>
      <line num="185" type="stmt" count="16"/>
      <line num="188" type="stmt" count="16"/>
      <line num="197" type="method" count="3"/>
      <line num="198" type="stmt" count="3"/>
      <line num="199" type="stmt" count="2"/>
      <line num="200" type="stmt" count="2"/>
      <line num="202" type="stmt" count="3"/>
      <line num="203" type="stmt" count="3"/>
      <line num="210" type="method" count="2"/>
      <line num="211" type="stmt" count="2"/>
      <line num="220" type="method" count="17"/>
      <line num="221" type="stmt" count="17"/>
      <metrics loc="231" ncloc="130" classes="1" methods="8" coveredmethods="8" statements="78" coveredstatements="70" elements="86" coveredelements="78"/>
    </file>
    <metrics files="7" loc="1327" ncloc="691" classes="7" methods="49" coveredmethods="49" statements="407" coveredstatements="343" elements="456" coveredelements="392"/>
  </project>
</coverage>
