<?xml version="1.0" encoding="UTF-8"?>
<testsuites>
  <testsuite name="PHPIDS" tests="75" failures="0" errors="0" time="15.1320204735">
    <testsuite name="IDS_MonitorTest" package="PHPIDS" tests="31" failures="0" errors="0" time="14.9737706184">
      <testcase name="testRunWithTags" class="IDS_MonitorTest" time="0.0514822006226"/>
      <testcase name="testRun" class="IDS_MonitorTest" time="0.0701861381531"/>
      <testcase name="testNoResult" class="IDS_MonitorTest" time="0.0205590724945"/>
      <testcase name="testSetExceptionsString" class="IDS_MonitorTest" time="0.0201370716095"/>
      <testcase name="testSetExceptionsArray" class="IDS_MonitorTest" time="0.0197148323059"/>
      <testcase name="testList" class="IDS_MonitorTest" time="0.069267988205"/>
      <testcase name="testListWithJsonFilters" class="IDS_MonitorTest" time="0.070198059082"/>
      <testcase name="testListWithKeyScanning" class="IDS_MonitorTest" time="0.132138967514"/>
      <testcase name="testListWithException" class="IDS_MonitorTest" time="0.0688669681549"/>
      <testcase name="testListWithSubKeys" class="IDS_MonitorTest" time="0.0904850959778"/>
      <testcase name="testListWithSubKeysAndExceptions" class="IDS_MonitorTest" time="0.0682249069214"/>
      <testcase name="testAttributeBreakerList" class="IDS_MonitorTest" time="0.104311943054"/>
      <testcase name="testCommentList" class="IDS_MonitorTest" time="0.125814914703"/>
      <testcase name="testConcatenatedXSSList" class="IDS_MonitorTest" time="0.915854930878"/>
      <testcase name="testConcatenatedXSSList2" class="IDS_MonitorTest" time="0.751751899719"/>
      <testcase name="testXMLPredicateXSSList" class="IDS_MonitorTest" time="0.176573038101"/>
      <testcase name="testXSSList" class="IDS_MonitorTest" time="0.251862049103"/>
      <testcase name="testSelfContainedXSSList" class="IDS_MonitorTest" time="0.367504835129"/>
      <testcase name="testSQLIList" class="IDS_MonitorTest" time="0.835088014603"/>
      <testcase name="testSQLIList2" class="IDS_MonitorTest" time="0.727068901062"/>
      <testcase name="testSQLIList3" class="IDS_MonitorTest" time="0.770546913147"/>
      <testcase name="testSQLIList4" class="IDS_MonitorTest" time="0.816210031509"/>
      <testcase name="testSQLIList5" class="IDS_MonitorTest" time="0.896595001221"/>
      <testcase name="testDTList" class="IDS_MonitorTest" time="0.298827171326"/>
      <testcase name="testURIList" class="IDS_MonitorTest" time="0.347362041473"/>
      <testcase name="testRFEList" class="IDS_MonitorTest" time="0.599560022354"/>
      <testcase name="testDecimalCCConverter" class="IDS_MonitorTest" time="2.29598093033"/>
      <testcase name="testOctalCCConverter" class="IDS_MonitorTest" time="0.0920219421387"/>
      <testcase name="testHexCCConverter" class="IDS_MonitorTest" time="2.48205494881"/>
      <testcase name="testLDAPInjectionList" class="IDS_MonitorTest" time="0.085186958313"/>
      <testcase name="testForFalseAlerts" class="IDS_MonitorTest" time="1.35233283043"/>
    </testsuite>
    <testsuite name="IDS_ReportTest" package="PHPIDS" tests="12" failures="0" errors="0" time="0.0431694984436">
      <testcase name="testEmpty" class="IDS_ReportTest" time="0.00221300125122"/>
      <testcase name="testCountable" class="IDS_ReportTest" time="0.00251889228821"/>
      <testcase name="testGetterByName" class="IDS_ReportTest" time="0.00325798988342"/>
      <testcase name="testGetTags" class="IDS_ReportTest" time="0.00450587272644"/>
      <testcase name="testImpactSum" class="IDS_ReportTest" time="0.00310611724854"/>
      <testcase name="testHasEvent" class="IDS_ReportTest" time="0.00199580192566"/>
      <testcase name="testAddingAnotherEventAfterCalculation" class="IDS_ReportTest" time="0.0102429389954"/>
      <testcase name="testIteratorAggregate" class="IDS_ReportTest" time="0.00265407562256"/>
      <testcase name="testToString" class="IDS_ReportTest" time="0.00598096847534"/>
      <testcase name="testToStringEmpty" class="IDS_ReportTest" time="0.00212693214417"/>
      <testcase name="testGetEvent" class="IDS_ReportTest" time="0.00250291824341"/>
      <testcase name="testGetEventWrong" class="IDS_ReportTest" time="0.00206398963928"/>
    </testsuite>
    <testsuite name="IDS_InitTest" package="PHPIDS" tests="7" failures="0" errors="0" time="0.022402048111">
      <testcase name="testInit" class="IDS_InitTest" time="0.000807046890259"/>
      <testcase name="testInitConfig" class="IDS_InitTest" time="0.00196504592896"/>
      <testcase name="testInitClone" class="IDS_InitTest" time="0.00870203971863"/>
      <testcase name="testInitGetConfigPath" class="IDS_InitTest" time="0.00130796432495"/>
      <testcase name="testInitSetConfigOverwrite" class="IDS_InitTest" time="0.00135207176208"/>
      <testcase name="testInitSetConfigNoOverwrite" class="IDS_InitTest" time="0.00146794319153"/>
      <testcase name="testInitGetConfig" class="IDS_InitTest" time="0.00679993629456"/>
    </testsuite>
    <testsuite name="IDS_ExceptionTest" package="PHPIDS" tests="7" failures="0" errors="0" time="0.0364947319031">
      <testcase name="testEventConstructorExceptions1" class="IDS_ExceptionTest" time="0.00270104408264"/>
      <testcase name="testEventConstructorExceptions2" class="IDS_ExceptionTest" time="0.00264501571655"/>
      <testcase name="testEventConstructorExceptions3" class="IDS_ExceptionTest" time="0.00244998931885"/>
      <testcase name="testGetEventException" class="IDS_ExceptionTest" time="0.0024049282074"/>
      <testcase name="testHasEventException" class="IDS_ExceptionTest" time="0.00246405601501"/>
      <testcase name="testInitConfigWrongPathException" class="IDS_ExceptionTest" time="0.002760887146"/>
      <testcase name="testWrongXmlFilterPathException" class="IDS_ExceptionTest" time="0.0210688114166"/>
    </testsuite>
    <testsuite name="IDS_FilterTest" package="PHPIDS" tests="4" failures="0" errors="0" time="0.0262761116028">
      <testcase name="testObjectConstruction" class="IDS_FilterTest" time="0.00396585464478"/>
      <testcase name="testModificator" class="IDS_FilterTest" time="0.0015389919281"/>
      <testcase name="testExceptions" class="IDS_FilterTest" time="0.00171613693237"/>
      <testcase name="testFilterSetFilterSet" class="IDS_FilterTest" time="0.0190551280975"/>
    </testsuite>
    <testsuite name="IDS_CachingTest" package="PHPIDS" tests="8" failures="0" errors="0" time="0.0153410434723">
      <testcase name="testCachingNone" class="IDS_CachingTest" time="0.00122284889221"/>
      <testcase name="testCachingFile" class="IDS_CachingTest" time="0.00127005577087"/>
      <testcase name="testCachingFileSetCache" class="IDS_CachingTest" time="0.00160193443298"/>
      <testcase name="testCachingFileGetCache" class="IDS_CachingTest" time="0.00347304344177"/>
      <testcase name="testCachingSession" class="IDS_CachingTest" time="0.00193309783936"/>
      <testcase name="testCachingSessionSetCache" class="IDS_CachingTest" time="0.00133585929871"/>
      <testcase name="testCachingSessionGetCache" class="IDS_CachingTest" time="0.00311207771301"/>
      <testcase name="testCachingSessionGetCacheDestroyed" class="IDS_CachingTest" time="0.00139212608337"/>
    </testsuite>
    <testsuite name="IDS_EventTest" package="PHPIDS" tests="6" failures="0" errors="0" time="0.0145664215088">
      <testcase name="testName" class="IDS_EventTest" time="0.00223112106323"/>
      <testcase name="testValueAggregation" class="IDS_EventTest" time="0.00334501266479"/>
      <testcase name="testIterator" class="IDS_EventTest" time="0.00351095199585"/>
      <testcase name="testCount" class="IDS_EventTest" time="0.00173115730286"/>
      <testcase name="testCopy" class="IDS_EventTest" time="0.00185203552246"/>
      <testcase name="testIteratorAggregate" class="IDS_EventTest" time="0.00189614295959"/>
    </testsuite>
  </testsuite>
</testsuites>
