<?xml version="1.0" encoding="UTF-8"?>
<testsuites>
  <testsuite name="PHP IDS" tests="57" failures="0" errors="0" time="5.19309878349">
    <testsuite name="IDS_ExceptionTest" tests="6" failures="0" errors="0" time="0.0309112071991">
      <testcase name="testEventConstructorExceptions1" class="IDS_ExceptionTest" time="0.00698304176331"/>
      <testcase name="testEventConstructorExceptions2" class="IDS_ExceptionTest" time="0.00513005256653"/>
      <testcase name="testEventConstructorExceptions3" class="IDS_ExceptionTest" time="0.00454092025757"/>
      <testcase name="testGetEventException" class="IDS_ExceptionTest" time="0.00447511672974"/>
      <testcase name="testHasEventException" class="IDS_ExceptionTest" time="0.00462794303894"/>
      <testcase name="testInitCloneException" class="IDS_ExceptionTest" time="0.00515413284302"/>
    </testsuite>
    <testsuite name="IDS_FilterTest" tests="4" failures="0" errors="0" time="0.0555729866028">
      <testcase name="testObjectConstruction" class="IDS_FilterTest" time="0.0152540206909"/>
      <testcase name="testModificator" class="IDS_FilterTest" time="0.00465989112854"/>
      <testcase name="testExceptions" class="IDS_FilterTest" time="0.00390005111694"/>
      <testcase name="testFilterSetFilterSet" class="IDS_FilterTest" time="0.0317590236664"/>
    </testsuite>
    <testsuite name="IDS_InitTest" tests="2" failures="0" errors="0" time="0.00756883621216">
      <testcase name="testInit" class="IDS_InitTest" time="0.00262999534607"/>
      <testcase name="testInitConfig" class="IDS_InitTest" time="0.00493884086609"/>
    </testsuite>
    <testsuite name="IDS_MonitorTest" tests="19" failures="0" errors="0" time="4.83527374268">
      <testcase name="testRunWithTags" class="IDS_MonitorTest" time="0.0633959770203"/>
      <testcase name="testRun" class="IDS_MonitorTest" time="0.0979001522064"/>
      <testcase name="testNoResult" class="IDS_MonitorTest" time="0.0289690494537"/>
      <testcase name="testSetExceptionsString" class="IDS_MonitorTest" time="0.0294330120087"/>
      <testcase name="testSetExceptionsArray" class="IDS_MonitorTest" time="0.0301330089569"/>
      <testcase name="testList" class="IDS_MonitorTest" time="0.100501060486"/>
      <testcase name="testListWithKeyScanning" class="IDS_MonitorTest" time="0.19929599762"/>
      <testcase name="testListWithException" class="IDS_MonitorTest" time="0.102837085724"/>
      <testcase name="testListWithSubKeys" class="IDS_MonitorTest" time="0.135522127151"/>
      <testcase name="testListWithSubKeysAndExceptions" class="IDS_MonitorTest" time="0.102046966553"/>
      <testcase name="testXSSList" class="IDS_MonitorTest" time="0.213273048401"/>
      <testcase name="testSelfContainedXSSList" class="IDS_MonitorTest" time="0.398306846619"/>
      <testcase name="testSQLIList" class="IDS_MonitorTest" time="0.775052070618"/>
      <testcase name="testDTList" class="IDS_MonitorTest" time="0.122606039047"/>
      <testcase name="testURIList" class="IDS_MonitorTest" time="0.761489152908"/>
      <testcase name="testRFEList" class="IDS_MonitorTest" time="0.372031211853"/>
      <testcase name="testDecimalCCConverter" class="IDS_MonitorTest" time="0.649975061417"/>
      <testcase name="testOctalCCConverter" class="IDS_MonitorTest" time="0.112237930298"/>
      <testcase name="testHexCCConverter" class="IDS_MonitorTest" time="0.540267944336"/>
    </testsuite>
    <testsuite name="IDS_CachingTest" tests="8" failures="0" errors="0" time="0.0516717433929">
      <testcase name="testCachingNone" class="IDS_CachingTest" time="0.00519895553589"/>
      <testcase name="testCachingFile" class="IDS_CachingTest" time="0.00462198257446"/>
      <testcase name="testCachingFileSetCache" class="IDS_CachingTest" time="0.00478601455688"/>
      <testcase name="testCachingFileGetCache" class="IDS_CachingTest" time="0.0116209983826"/>
      <testcase name="testCachingSession" class="IDS_CachingTest" time="0.00546002388"/>
      <testcase name="testCachingSessionSetCache" class="IDS_CachingTest" time="0.00458693504333"/>
      <testcase name="testCachingSessionGetCache" class="IDS_CachingTest" time="0.0104949474335"/>
      <testcase name="testCachingSessionGetCacheDestroyed" class="IDS_CachingTest" time="0.00490188598633"/>
    </testsuite>
    <testsuite name="IDS_ReportTest" tests="12" failures="0" errors="0" time="0.14934015274">
      <testcase name="testEmpty" class="IDS_ReportTest" time="0.00898504257202"/>
      <testcase name="testCountable" class="IDS_ReportTest" time="0.00944495201111"/>
      <testcase name="testGetterByName" class="IDS_ReportTest" time="0.0143568515778"/>
      <testcase name="testGetTags" class="IDS_ReportTest" time="0.0141890048981"/>
      <testcase name="testImpactSum" class="IDS_ReportTest" time="0.0105500221252"/>
      <testcase name="testHasEvent" class="IDS_ReportTest" time="0.00693607330322"/>
      <testcase name="testAddingAnotherEventAfterCalculation" class="IDS_ReportTest" time="0.0326380729675"/>
      <testcase name="testIteratorAggregate" class="IDS_ReportTest" time="0.0108020305634"/>
      <testcase name="testToString" class="IDS_ReportTest" time="0.0183849334717"/>
      <testcase name="testToStringEmpty" class="IDS_ReportTest" time="0.00730800628662"/>
      <testcase name="testGetEvent" class="IDS_ReportTest" time="0.0082471370697"/>
      <testcase name="testGetEventWrong" class="IDS_ReportTest" time="0.00749802589417"/>
    </testsuite>
    <testsuite name="IDS_EventTest" tests="6" failures="0" errors="0" time="0.0627601146698">
      <testcase name="testName" class="IDS_EventTest" time="0.00993990898132"/>
      <testcase name="testValueAggregation" class="IDS_EventTest" time="0.0126669406891"/>
      <testcase name="testIterator" class="IDS_EventTest" time="0.0164949893951"/>
      <testcase name="testCount" class="IDS_EventTest" time="0.00716710090637"/>
      <testcase name="testCopy" class="IDS_EventTest" time="0.00744915008545"/>
      <testcase name="testIteratorAggregate" class="IDS_EventTest" time="0.00904202461243"/>
    </testsuite>
  </testsuite>
</testsuites>
